  Plugin_WahWah.cpp
  Plugin_Vocoder.cpp
z:\documents\práce\diplomovaprace\unity-technologies-nativeaudioplugins-3e8c1c437ba8 2\nativecode\plugin_vocoder.cpp(114): warning C4244: 'argument': conversion from 'double' to 'float', possible loss of data
  Plugin_TubeResonator.cpp
z:\documents\práce\diplomovaprace\unity-technologies-nativeaudioplugins-3e8c1c437ba8 2\nativecode\plugin_tuberesonator.cpp(68): warning C4244: 'argument': conversion from 'const int' to 'float', possible loss of data
  Plugin_Teleport.cpp
  Plugin_TeeDee.cpp
  Plugin_TeeBee.cpp
  Plugin_Synthesizer.cpp
z:\documents\práce\diplomovaprace\unity-technologies-nativeaudioplugins-3e8c1c437ba8 2\nativecode\plugin_synthesizer.cpp(220): warning C4244: '=': conversion from 'int' to 'float', possible loss of data
z:\documents\práce\diplomovaprace\unity-technologies-nativeaudioplugins-3e8c1c437ba8 2\nativecode\plugin_synthesizer.cpp(249): warning C4244: '=': conversion from 'float' to 'UInt32', possible loss of data
z:\documents\práce\diplomovaprace\unity-technologies-nativeaudioplugins-3e8c1c437ba8 2\nativecode\plugin_synthesizer.cpp(250): warning C4244: '=': conversion from 'float' to 'UInt32', possible loss of data
z:\documents\práce\diplomovaprace\unity-technologies-nativeaudioplugins-3e8c1c437ba8 2\nativecode\plugin_synthesizer.cpp(251): warning C4244: '=': conversion from 'float' to 'UInt32', possible loss of data
z:\documents\práce\diplomovaprace\unity-technologies-nativeaudioplugins-3e8c1c437ba8 2\nativecode\plugin_synthesizer.cpp(252): warning C4244: '=': conversion from 'float' to 'UInt32', possible loss of data
z:\documents\práce\diplomovaprace\unity-technologies-nativeaudioplugins-3e8c1c437ba8 2\nativecode\plugin_synthesizer.cpp(345): warning C4018: '<': signed/unsigned mismatch
z:\documents\práce\diplomovaprace\unity-technologies-nativeaudioplugins-3e8c1c437ba8 2\nativecode\plugin_synthesizer.cpp(529): warning C4244: 'initializing': conversion from 'UInt64' to 'int', possible loss of data
  Plugin_StereoWidener.cpp
  Plugin_SpatializerReverb.cpp
z:\documents\práce\diplomovaprace\unity-technologies-nativeaudioplugins-3e8c1c437ba8 2\nativecode\plugin_spatializerreverb.cpp(125): warning C4244: 'argument': conversion from 'int' to 'float', possible loss of data
z:\documents\práce\diplomovaprace\unity-technologies-nativeaudioplugins-3e8c1c437ba8 2\nativecode\plugin_spatializerreverb.cpp(130): warning C4244: '=': conversion from 'float' to 'int', possible loss of data
z:\documents\práce\diplomovaprace\unity-technologies-nativeaudioplugins-3e8c1c437ba8 2\nativecode\plugin_spatializerreverb.cpp(140): warning C4244: '*=': conversion from 'float' to 'int', possible loss of data
z:\documents\práce\diplomovaprace\unity-technologies-nativeaudioplugins-3e8c1c437ba8 2\nativecode\plugin_spatializerreverb.cpp(144): warning C4018: '<': signed/unsigned mismatch
  Plugin_Spatializer.cpp
z:\documents\práce\diplomovaprace\unity-technologies-nativeaudioplugins-3e8c1c437ba8 2\nativecode\plugin_spatializer.cpp(242): warning C4018: '<': signed/unsigned mismatch
  Plugin_Routing.cpp
  Plugin_RingModulator.cpp
  Plugin_PitchDetector.cpp
  Plugin_Oscilloscope.cpp
  Plugin_NoiseBox.cpp
  Plugin_my.cpp
  Plugin_Multiband.cpp
z:\documents\práce\diplomovaprace\unity-technologies-nativeaudioplugins-3e8c1c437ba8 2\nativecode\plugin_multiband.cpp(173): warning C4244: 'argument': conversion from 'int' to 'float', possible loss of data
z:\documents\práce\diplomovaprace\unity-technologies-nativeaudioplugins-3e8c1c437ba8 2\nativecode\plugin_multiband.cpp(174): warning C4244: 'argument': conversion from 'int' to 'float', possible loss of data
z:\documents\práce\diplomovaprace\unity-technologies-nativeaudioplugins-3e8c1c437ba8 2\nativecode\plugin_multiband.cpp(175): warning C4244: 'argument': conversion from 'int' to 'float', possible loss of data
z:\documents\práce\diplomovaprace\unity-technologies-nativeaudioplugins-3e8c1c437ba8 2\nativecode\plugin_multiband.cpp(176): warning C4244: 'argument': conversion from 'int' to 'float', possible loss of data
  Plugin_ModalFilter.cpp
z:\documents\práce\diplomovaprace\unity-technologies-nativeaudioplugins-3e8c1c437ba8 2\nativecode\plugin_modalfilter.cpp(85): warning C4244: 'argument': conversion from 'const int' to 'float', possible loss of data
  Plugin_LoudnessMeter.cpp
  Plugin_LevelMixer.cpp
  Generating Code...
  Compiling...
  Plugin_Lofinator.cpp
  Plugin_ImpulseGenerator.cpp
  Plugin_ImpactGenerator.cpp
z:\documents\práce\diplomovaprace\unity-technologies-nativeaudioplugins-3e8c1c437ba8 2\nativecode\plugin_impactgenerator.cpp(70): warning C4244: 'argument': conversion from 'const int' to 'float', possible loss of data
z:\documents\práce\diplomovaprace\unity-technologies-nativeaudioplugins-3e8c1c437ba8 2\nativecode\plugin_impactgenerator.cpp(100): warning C4244: '=': conversion from 'float' to 'int', possible loss of data
  Plugin_Granulator.cpp
z:\documents\práce\diplomovaprace\unity-technologies-nativeaudioplugins-3e8c1c437ba8 2\nativecode\plugin_granulator.cpp(74): warning C4244: 'initializing': conversion from 'int' to 'float', possible loss of data
z:\documents\práce\diplomovaprace\unity-technologies-nativeaudioplugins-3e8c1c437ba8 2\nativecode\plugin_granulator.cpp(261): warning C4018: '<': signed/unsigned mismatch
z:\documents\práce\diplomovaprace\unity-technologies-nativeaudioplugins-3e8c1c437ba8 2\nativecode\plugin_granulator.cpp(281): warning C4244: '=': conversion from 'double' to 'float', possible loss of data
z:\documents\práce\diplomovaprace\unity-technologies-nativeaudioplugins-3e8c1c437ba8 2\nativecode\plugin_granulator.cpp(303): warning C4018: '<': signed/unsigned mismatch
z:\documents\práce\diplomovaprace\unity-technologies-nativeaudioplugins-3e8c1c437ba8 2\nativecode\plugin_granulator.cpp(333): warning C4018: '<': signed/unsigned mismatch
z:\documents\práce\diplomovaprace\unity-technologies-nativeaudioplugins-3e8c1c437ba8 2\nativecode\plugin_granulator.cpp(383): warning C4244: '=': conversion from 'double' to 'float', possible loss of data
z:\documents\práce\diplomovaprace\unity-technologies-nativeaudioplugins-3e8c1c437ba8 2\nativecode\plugin_granulator.cpp(371): warning C4996: 'strcpy': This function or variable may be unsafe. Consider using strcpy_s instead. To disable deprecation, use _CRT_SECURE_NO_WARNINGS. See online help for details.
  c:\program files (x86)\windows kits\10\include\10.0.16299.0\ucrt\string.h(132): note: see declaration of 'strcpy'
z:\documents\práce\diplomovaprace\unity-technologies-nativeaudioplugins-3e8c1c437ba8 2\nativecode\plugin_granulator.cpp(408): warning C4390: ';': empty controlled statement found; is this the intent?
  Plugin_Equalizer.cpp
  Plugin_CorrelationMeter.cpp
  Plugin_ConvolutionReverb.cpp
  hrtftable.cpp
  AudioPluginUtil.cpp
z:\documents\práce\diplomovaprace\unity-technologies-nativeaudioplugins-3e8c1c437ba8 2\nativecode\audiopluginutil.cpp(9): warning C4996: 'strcpy': This function or variable may be unsafe. Consider using strcpy_s instead. To disable deprecation, use _CRT_SECURE_NO_WARNINGS. See online help for details.
  c:\program files (x86)\windows kits\10\include\10.0.16299.0\ucrt\string.h(132): note: see declaration of 'strcpy'
z:\documents\práce\diplomovaprace\unity-technologies-nativeaudioplugins-3e8c1c437ba8 2\nativecode\audiopluginutil.cpp(18): warning C4996: 'vsprintf': This function or variable may be unsafe. Consider using vsprintf_s instead. To disable deprecation, use _CRT_SECURE_NO_WARNINGS. See online help for details.
  c:\program files (x86)\windows kits\10\include\10.0.16299.0\ucrt\stdio.h(1467): note: see declaration of 'vsprintf'
z:\documents\práce\diplomovaprace\unity-technologies-nativeaudioplugins-3e8c1c437ba8 2\nativecode\audiopluginutil.cpp(29): warning C4018: '<': signed/unsigned mismatch
  z:\documents\práce\diplomovaprace\unity-technologies-nativeaudioplugins-3e8c1c437ba8 2\nativecode\audiopluginutil.cpp(96): note: see reference to function template instantiation 'void FFTProcess<double>(UnityComplexNumber *,int,bool)' being compiled
z:\documents\práce\diplomovaprace\unity-technologies-nativeaudioplugins-3e8c1c437ba8 2\nativecode\audiopluginutil.cpp(40): warning C4018: '<': signed/unsigned mismatch
z:\documents\práce\diplomovaprace\unity-technologies-nativeaudioplugins-3e8c1c437ba8 2\nativecode\audiopluginutil.cpp(53): warning C4018: '<': signed/unsigned mismatch
z:\documents\práce\diplomovaprace\unity-technologies-nativeaudioplugins-3e8c1c437ba8 2\nativecode\audiopluginutil.cpp(61): warning C4018: '<': signed/unsigned mismatch
z:\documents\práce\diplomovaprace\unity-technologies-nativeaudioplugins-3e8c1c437ba8 2\nativecode\audiopluginutil.h(76): warning C4244: '=': conversion from 'double' to 'float', possible loss of data
  z:\documents\práce\diplomovaprace\unity-technologies-nativeaudioplugins-3e8c1c437ba8 2\nativecode\audiopluginutil.cpp(84): note: see reference to function template instantiation 'void UnityComplexNumberT<float>::Sub<float,T,float>(const UnityComplexNumberT<float> &,const UnityComplexNumberT<T> &,UnityComplexNumberT<float> &)' being compiled
          with
          [
              T=double
          ]
  z:\documents\práce\diplomovaprace\unity-technologies-nativeaudioplugins-3e8c1c437ba8 2\nativecode\audiopluginutil.cpp(84): note: see reference to function template instantiation 'void UnityComplexNumberT<float>::Sub<float,T,float>(const UnityComplexNumberT<float> &,const UnityComplexNumberT<T> &,UnityComplexNumberT<float> &)' being compiled
          with
          [
              T=double
          ]
  z:\documents\práce\diplomovaprace\unity-technologies-nativeaudioplugins-3e8c1c437ba8 2\nativecode\audiopluginutil.cpp(96): note: see reference to function template instantiation 'void FFTProcess<double>(UnityComplexNumber *,int,bool)' being compiled
z:\documents\práce\diplomovaprace\unity-technologies-nativeaudioplugins-3e8c1c437ba8 2\nativecode\audiopluginutil.h(77): warning C4244: '=': conversion from 'double' to 'float', possible loss of data
z:\documents\práce\diplomovaprace\unity-technologies-nativeaudioplugins-3e8c1c437ba8 2\nativecode\audiopluginutil.h(69): warning C4244: '=': conversion from 'double' to 'float', possible loss of data
  z:\documents\práce\diplomovaprace\unity-technologies-nativeaudioplugins-3e8c1c437ba8 2\nativecode\audiopluginutil.cpp(85): note: see reference to function template instantiation 'void UnityComplexNumberT<float>::Add<float,T,float>(const UnityComplexNumberT<float> &,const UnityComplexNumberT<T> &,UnityComplexNumberT<float> &)' being compiled
          with
          [
              T=double
          ]
  z:\documents\práce\diplomovaprace\unity-technologies-nativeaudioplugins-3e8c1c437ba8 2\nativecode\audiopluginutil.cpp(85): note: see reference to function template instantiation 'void UnityComplexNumberT<float>::Add<float,T,float>(const UnityComplexNumberT<float> &,const UnityComplexNumberT<T> &,UnityComplexNumberT<float> &)' being compiled
          with
          [
              T=double
          ]
z:\documents\práce\diplomovaprace\unity-technologies-nativeaudioplugins-3e8c1c437ba8 2\nativecode\audiopluginutil.h(70): warning C4244: '=': conversion from 'double' to 'float', possible loss of data
  Generating Code...
AudioPluginUtil.obj : warning LNK4075: ignoring '/EDITANDCONTINUE' due to '/SAFESEH' specification
     Creating library Z:\Documents\Práce\DiplomovaPrace\Unity-Technologies-nativeaudioplugins-3e8c1c437ba8 2\NativeCode\VisualStudio\build\Debug\AudioPluginDemo2.lib and object Z:\Documents\Práce\DiplomovaPrace\Unity-Technologies-nativeaudioplugins-3e8c1c437ba8 2\NativeCode\VisualStudio\build\Debug\AudioPluginDemo2.exp
  AudioPluginDemo.vcxproj -> Z:\Documents\Práce\DiplomovaPrace\Unity-Technologies-nativeaudioplugins-3e8c1c437ba8 2\NativeCode\VisualStudio\build\Debug\AudioPluginDemo2.dll
  A subdirectory or file ..\..\Assets\Plugins\x86 already exists.
  The system cannot find the file specified.
C:\Program Files (x86)\Microsoft Visual Studio\2017\Community\Common7\IDE\VC\VCTargets\Microsoft.CppCommon.targets(133,5): error MSB3073: The command "mkdir ..\..\Assets\Plugins\x86
C:\Program Files (x86)\Microsoft Visual Studio\2017\Community\Common7\IDE\VC\VCTargets\Microsoft.CppCommon.targets(133,5): error MSB3073: copy Z:\Documents\Práce\DiplomovaPrace\Unity-Technologies-nativeaudioplugins-3e8c1c437ba8 2\NativeCode\VisualStudio\build\Debug\AudioPluginDemo2.dll ..\..\Assets\Plugins\x86\AudioPluginDemo2.dll
C:\Program Files (x86)\Microsoft Visual Studio\2017\Community\Common7\IDE\VC\VCTargets\Microsoft.CppCommon.targets(133,5): error MSB3073: 
C:\Program Files (x86)\Microsoft Visual Studio\2017\Community\Common7\IDE\VC\VCTargets\Microsoft.CppCommon.targets(133,5): error MSB3073: :VCEnd" exited with code 1.
